2024-12-16 14:58:44,510 - #################################################
2024-12-16 14:58:44,510 - pretrained path: None
2024-12-16 14:58:44,510 - learning k hop: 2
2024-12-16 14:58:44,511 - batch size: 12
2024-12-16 14:58:44,511 - learning rate: 0.001
2024-12-16 14:58:44,511 - Loss function: MSE
2024-12-16 14:58:44,511 - Total parameters: 11065
2024-12-16 14:58:44,511 - device: cuda:0
2024-12-16 14:58:44,511 - PARAMTER SETTINGS:
2024-12-16 14:58:44,512 - ADMM info: {'ADMM_iters': 24, 'CG_iters': 3, 'PGD_iters': 3, 'mu_u_init': 3, 'mu_d1_init': 3, 'mu_d2_init': 3}
2024-12-16 14:58:44,512 - graph info: nodes 358, edges 1094
2024-12-16 14:58:44,512 - --------BEGIN TRAINING PROCESS------------
2024-12-16 15:00:53,136 - #################################################
2024-12-16 15:00:53,136 - pretrained path: None
2024-12-16 15:00:53,137 - learning k hop: 2
2024-12-16 15:00:53,137 - batch size: 12
2024-12-16 15:00:53,139 - learning rate: 0.001
2024-12-16 15:00:53,139 - Loss function: MSE
2024-12-16 15:00:53,139 - Total parameters: 11065
2024-12-16 15:00:53,139 - device: cuda:0
2024-12-16 15:00:53,139 - PARAMTER SETTINGS:
2024-12-16 15:00:53,140 - ADMM info: {'ADMM_iters': 24, 'CG_iters': 3, 'PGD_iters': 3, 'mu_u_init': 3, 'mu_d1_init': 3, 'mu_d2_init': 3}
2024-12-16 15:00:53,140 - graph info: nodes 358, edges 1094
2024-12-16 15:00:53,140 - --------BEGIN TRAINING PROCESS------------
2024-12-16 15:01:43,268 - #################################################
2024-12-16 15:01:43,268 - pretrained path: None
2024-12-16 15:01:43,269 - learning k hop: 2
2024-12-16 15:01:43,269 - batch size: 16
2024-12-16 15:01:43,269 - learning rate: 0.001
2024-12-16 15:01:43,270 - Loss function: MSE
2024-12-16 15:01:43,270 - Total parameters: 11065
2024-12-16 15:01:43,270 - device: cuda:0
2024-12-16 15:01:43,270 - PARAMTER SETTINGS:
2024-12-16 15:01:43,271 - ADMM info: {'ADMM_iters': 24, 'CG_iters': 3, 'PGD_iters': 3, 'mu_u_init': 3, 'mu_d1_init': 3, 'mu_d2_init': 3}
2024-12-16 15:01:43,271 - graph info: nodes 358, edges 1094
2024-12-16 15:01:43,271 - --------BEGIN TRAINING PROCESS------------
2024-12-16 15:54:24,087 - output: (760.3877563476562, 181.3854522705078)
2024-12-16 15:54:24,088 - Training: Epoch [1/30], Loss:11121.3539, rec_RMSE: 100.0350, RMSE_next:26.8251, RMSE:110.6151, MAE:93.6462, MAPE(%):120822681.5692
2024-12-16 15:54:24,088 - multiQ1, multiQ2, multiM: 1.2706364393234253, 0.8559877872467041, 1.7720762491226196
2024-12-16 15:54:24,088 - rho, rho_u, rho_d: 5.5297932624816895, 5.505390167236328, 5.543636798858643
2024-12-16 15:54:24,088 - max alphas, 0.2000, 0.1825, 0.1983
2024-12-16 15:54:24,089 - max betas, 0.2000, 0.1629, 0.1715
2024-12-16 16:47:00,516 - output: (722.5349731445312, 181.3854522705078)
2024-12-16 16:47:00,520 - Training: Epoch [2/30], Loss:9124.3278, rec_RMSE: 89.5852, RMSE_next:24.2738, RMSE:101.1096, MAE:84.4094, MAPE(%):119979840.1177
2024-12-16 16:47:00,522 - multiQ1, multiQ2, multiM: 1.291154384613037, 0.8986375331878662, 1.8767434358596802
2024-12-16 16:47:00,522 - rho, rho_u, rho_d: 5.629910945892334, 5.625337600708008, 5.5888824462890625
2024-12-16 16:47:00,522 - max alphas, 0.2000, 0.2000, 0.1973
2024-12-16 16:47:00,523 - max betas, 0.2000, 0.2000, 0.1876
