2024-12-14 10:12:56,704 - #################################################
2024-12-14 10:12:56,704 - pretrained path: None
2024-12-14 10:12:56,705 - learning k hop: 2
2024-12-14 10:12:56,705 - batch size: 12
2024-12-14 10:12:56,705 - learning rate: 0.001
2024-12-14 10:12:56,705 - Loss function: MSE
2024-12-14 10:12:56,705 - Total parameters: 11065
2024-12-14 10:12:56,706 - device: cuda:0
2024-12-14 10:12:56,706 - PARAMTER SETTINGS:
2024-12-14 10:12:56,706 - ADMM info: {'ADMM_iters': 24, 'CG_iters': 3, 'PGD_iters': 3, 'mu_u_init': 3, 'mu_d1_init': 3, 'mu_d2_init': 3}
2024-12-14 10:12:56,706 - graph info: nodes 358, edges 1094
2024-12-14 10:12:56,706 - --------BEGIN TRAINING PROCESS------------
2024-12-14 10:14:54,552 - #################################################
2024-12-14 10:14:54,552 - pretrained path: None
2024-12-14 10:14:54,552 - learning k hop: 2
2024-12-14 10:14:54,552 - batch size: 12
2024-12-14 10:14:54,553 - learning rate: 0.001
2024-12-14 10:14:54,553 - Loss function: MSE
2024-12-14 10:14:54,553 - Total parameters: 11065
2024-12-14 10:14:54,553 - device: cuda:0
2024-12-14 10:14:54,554 - PARAMTER SETTINGS:
2024-12-14 10:14:54,554 - ADMM info: {'ADMM_iters': 24, 'CG_iters': 3, 'PGD_iters': 3, 'mu_u_init': 3, 'mu_d1_init': 3, 'mu_d2_init': 3}
2024-12-14 10:14:54,554 - graph info: nodes 358, edges 1094
2024-12-14 10:14:54,554 - --------BEGIN TRAINING PROCESS------------
2024-12-14 11:09:11,383 - output: (697.9133911132812, 1.9312620162963867)
2024-12-14 11:09:11,384 - Training: Epoch [1/30], Loss:5008.4747, rec_RMSE: 57.2306, RMSE_next:21.3869, RMSE:82.1073, MAE:59.2878, MAPE(%):27009182.1259
2024-12-14 11:09:11,384 - multiQ1, multiQ2, multiM: 1.193400263786316, 0.9460138082504272, 1.9481397867202759
2024-12-14 11:09:11,384 - rho, rho_u, rho_d: 5.7520036697387695, 5.515390872955322, 5.563138008117676
2024-12-14 11:09:11,384 - max alphas, 0.1508, 0.1250, 0.1443
2024-12-14 11:09:11,384 - max betas, 0.1255, 0.1264, 0.1105
